0 info it worked if it ends with ok
1 verbose cli [ '/home/pills/.nvm/v0.11.13/bin/node',
1 verbose cli   '/home/pills/.nvm/v0.11.13/bin/npm',
1 verbose cli   'start' ]
2 info using npm@1.4.9
3 info using node@v0.11.13
4 verbose run-script [ 'prestart', 'start', 'poststart' ]
5 info prestart myapp@0.0.1
6 info start myapp@0.0.1
7 verbose unsafe-perm in lifecycle true
8 info myapp@0.0.1 Failed to exec start script
9 error myapp@0.0.1 start: `node ./bin/www`
9 error Exit status 1
10 error Failed at the myapp@0.0.1 start script.
10 error This is most likely a problem with the myapp package,
10 error not with npm itself.
10 error Tell the author that this fails on your system:
10 error     node ./bin/www
10 error You can get their info via:
10 error     npm owner ls myapp
10 error There is likely additional logging output above.
11 error System Linux 3.13.0-30-generic
12 error command "/home/pills/.nvm/v0.11.13/bin/node" "/home/pills/.nvm/v0.11.13/bin/npm" "start"
13 error cwd /media/pills/be3eb155-9e10-4a71-9737-c82606a3dbd4/home/ububtu/code/express-test/myapp
14 error node -v v0.11.13
15 error npm -v 1.4.9
16 error code ELIFECYCLE
17 verbose exit [ 1, true ]
